Arguments: 
  /usr/local/Cellar/node/9.3.0_1/bin/node /usr/local/bin/yarn start

PATH: 
  /usr/local/bin:/usr/local/sbin:~/bin:/usr/local/bin:/usr/bin:/bin:/usr/sbin:/sbin:/Users/likai/Library/Android/sdk/platform-tools:/Users/likai/Library/Android/sdk/tools

Yarn version: 
  1.5.1

Node version: 
  9.3.0

Platform: 
  darwin x64

npm manifest: 
  {
    "name": "react-native-bounce-flatlist",
    "version": "1.0.10",
    "description": "基于FlatList封装的Bounce-FlatList, 支持下拉刷新, 分页加载等等常规特性, 特点在于android端也有弹簧效果.",
    "main": "index.js",
    "scripts": {
      "test": "test"
    },
    "repository": {
      "type": "git",
      "url": "git+https://github.com/NikiLee2016/react-native-bounce-flatlist.git"
    },
    "keywords": [
      "react-native",
      "android",
      "ios",
      "boucne",
      "flatlist"
    ],
    "author": "Niki",
    "license": "ISC",
    "bugs": {
      "url": "https://github.com/NikiLee2016/react-native-bounce-flatlist/issues"
    },
    "homepage": "https://github.com/NikiLee2016/react-native-bounce-flatlist#readme",
    "dependencies": {
      "loadsh": "^1.0.1",
      "prop-types": "^15.5.10",
      "react-native-loader": "^1.2.1",
      "react-native-smartrefreshlayout": "^0.5.7",
      "react-native-ultimate-listview": "3.3.0"
    }
  }

yarn manifest: 
  No manifest

Lockfile: 
  No lockfile

Trace: 
  Error: Command "start" not found.
      at new MessageError (/usr/local/lib/node_modules/yarn/lib/cli.js:186:110)
      at /usr/local/lib/node_modules/yarn/lib/cli.js:87307:17
      at Generator.next (<anonymous>)
      at step (/usr/local/lib/node_modules/yarn/lib/cli.js:98:30)
      at /usr/local/lib/node_modules/yarn/lib/cli.js:116:14
      at new Promise (<anonymous>)
      at new F (/usr/local/lib/node_modules/yarn/lib/cli.js:23451:28)
      at /usr/local/lib/node_modules/yarn/lib/cli.js:95:12
      at runCommand (/usr/local/lib/node_modules/yarn/lib/cli.js:87312:22)
      at Object.<anonymous> (/usr/local/lib/node_modules/yarn/lib/cli.js:87412:14)
